<?xml version="1.0" encoding="UTF-8"?>
<testng-results ignored="0" total="1" passed="1" failed="0" skipped="0">
  <reporter-output>
  </reporter-output>
  <suite started-at="2020-06-15T22:30:38 IST" name="Default suite" finished-at="2020-06-15T22:31:01 IST" duration-ms="22209">
    <groups>
    </groups>
    <test started-at="2020-06-15T22:30:38 IST" name="Default test" finished-at="2020-06-15T22:31:01 IST" duration-ms="22209">
      <class name="com.greatPro.qa.testScripts.GreatITProAutomation_FindAllLinks">
        <test-method is-config="true" signature="beforeSuite()[pri:0, instance:com.greatPro.qa.testScripts.GreatITProAutomation_FindAllLinks@11bd0f3b]" started-at="2020-06-15T22:30:33 IST" name="beforeSuite" finished-at="2020-06-15T22:30:38 IST" duration-ms="5900" status="PASS">
          <reporter-output>
          </reporter-output>
        </test-method> <!-- beforeSuite -->
        <test-method is-config="true" signature="beforeTest()[pri:0, instance:com.greatPro.qa.testScripts.GreatITProAutomation_FindAllLinks@11bd0f3b]" started-at="2020-06-15T22:30:38 IST" name="beforeTest" finished-at="2020-06-15T22:30:38 IST" duration-ms="48" status="PASS">
          <reporter-output>
          </reporter-output>
        </test-method> <!-- beforeTest -->
        <test-method is-config="true" signature="beforeClass()[pri:0, instance:com.greatPro.qa.testScripts.GreatITProAutomation_FindAllLinks@11bd0f3b]" started-at="2020-06-15T22:30:38 IST" name="beforeClass" finished-at="2020-06-15T22:30:39 IST" duration-ms="265" status="PASS">
          <reporter-output>
          </reporter-output>
        </test-method> <!-- beforeClass -->
        <test-method signature="findTextLinks()[pri:0, instance:com.greatPro.qa.testScripts.GreatITProAutomation_FindAllLinks@11bd0f3b]" started-at="2020-06-15T22:30:39 IST" name="findTextLinks" finished-at="2020-06-15T22:31:01 IST" duration-ms="21783" status="PASS">
          <reporter-output>
          </reporter-output>
        </test-method> <!-- findTextLinks -->
        <test-method is-config="true" signature="afterMethod(org.testng.ITestResult)[pri:0, instance:com.greatPro.qa.testScripts.GreatITProAutomation_FindAllLinks@11bd0f3b]" started-at="2020-06-15T22:31:01 IST" name="afterMethod" finished-at="2020-06-15T22:31:01 IST" duration-ms="7" status="FAIL">
          <params>
            <param index="0">
              <value>
                <![CDATA[[TestResult name=findTextLinks status=SUCCESS method=GreatITProAutomation_FindAllLinks.findTextLinks()[pri:0, instance:com.greatPro.qa.testScripts.GreatITProAutomation_FindAllLinks@11bd0f3b] output={null}]]]>
              </value>
            </param>
          </params>
          <exception class="java.lang.NullPointerException">
            <full-stacktrace>
              <![CDATA[java.lang.NullPointerException
at com.te.qa.testBase.BaseTest.afterMethod(BaseTest.java:87)
at java.base/jdk.internal.reflect.NativeMethodAccessorImpl.invoke0(Native Method)
at java.base/jdk.internal.reflect.NativeMethodAccessorImpl.invoke(NativeMethodAccessorImpl.java:62)
at java.base/jdk.internal.reflect.DelegatingMethodAccessorImpl.invoke(DelegatingMethodAccessorImpl.java:43)
at java.base/java.lang.reflect.Method.invoke(Method.java:566)
at org.testng.internal.MethodInvocationHelper.invokeMethod(MethodInvocationHelper.java:135)
at org.testng.internal.MethodInvocationHelper.invokeMethodConsideringTimeout(MethodInvocationHelper.java:64)
at org.testng.internal.ConfigInvoker.invokeConfigurationMethod(ConfigInvoker.java:364)
at org.testng.internal.ConfigInvoker.invokeConfigurations(ConfigInvoker.java:318)
at org.testng.internal.TestInvoker.runConfigMethods(TestInvoker.java:700)
at org.testng.internal.TestInvoker.runAfterGroupsConfigurations(TestInvoker.java:676)
at org.testng.internal.TestInvoker.invokeMethod(TestInvoker.java:660)
at org.testng.internal.TestInvoker.invokeTestMethod(TestInvoker.java:174)
at org.testng.internal.MethodRunner.runInSequence(MethodRunner.java:46)
at org.testng.internal.TestInvoker$MethodInvocationAgent.invoke(TestInvoker.java:821)
at org.testng.internal.TestInvoker.invokeTestMethods(TestInvoker.java:147)
at org.testng.internal.TestMethodWorker.invokeTestMethods(TestMethodWorker.java:146)
at org.testng.internal.TestMethodWorker.run(TestMethodWorker.java:128)
at java.base/java.util.ArrayList.forEach(ArrayList.java:1540)
at org.testng.TestRunner.privateRun(TestRunner.java:767)
at org.testng.TestRunner.run(TestRunner.java:588)
at org.testng.SuiteRunner.runTest(SuiteRunner.java:384)
at org.testng.SuiteRunner.runSequentially(SuiteRunner.java:378)
at org.testng.SuiteRunner.privateRun(SuiteRunner.java:337)
at org.testng.SuiteRunner.run(SuiteRunner.java:286)
at org.testng.SuiteRunnerWorker.runSuite(SuiteRunnerWorker.java:53)
at org.testng.SuiteRunnerWorker.run(SuiteRunnerWorker.java:96)
at org.testng.TestNG.runSuitesSequentially(TestNG.java:1214)
at org.testng.TestNG.runSuitesLocally(TestNG.java:1136)
at org.testng.TestNG.runSuites(TestNG.java:1066)
at org.testng.TestNG.run(TestNG.java:1034)
at org.testng.remote.AbstractRemoteTestNG.run(AbstractRemoteTestNG.java:115)
at org.testng.remote.RemoteTestNG.initAndRun(RemoteTestNG.java:251)
at org.testng.remote.RemoteTestNG.main(RemoteTestNG.java:77)
]]>
            </full-stacktrace>
          </exception> <!-- java.lang.NullPointerException -->
          <reporter-output>
          </reporter-output>
        </test-method> <!-- afterMethod -->
        <test-method is-config="true" signature="afterClass()[pri:0, instance:com.greatPro.qa.testScripts.GreatITProAutomation_FindAllLinks@11bd0f3b]" started-at="2020-06-15T22:31:01 IST" name="afterClass" finished-at="1970-01-01T05:30:00 IST" duration-ms="-1592240461108" status="SKIP">
          <reporter-output>
          </reporter-output>
        </test-method> <!-- afterClass -->
        <test-method is-config="true" signature="afterSuite()[pri:0, instance:com.greatPro.qa.testScripts.GreatITProAutomation_FindAllLinks@11bd0f3b]" started-at="2020-06-15T22:31:01 IST" name="afterSuite" finished-at="2020-06-15T22:31:01 IST" duration-ms="0" status="PASS">
          <reporter-output>
          </reporter-output>
        </test-method> <!-- afterSuite -->
      </class> <!-- com.greatPro.qa.testScripts.GreatITProAutomation_FindAllLinks -->
    </test> <!-- Default test -->
  </suite> <!-- Default suite -->
</testng-results>
