<?xml version="1.0" encoding="UTF-8"?>
<testng-results ignored="0" total="1" passed="1" failed="0" skipped="0">
  <reporter-output>
  </reporter-output>
  <suite started-at="2020-06-19T12:34:34 IST" name="Suite" finished-at="2020-06-19T12:34:46 IST" duration-ms="11727">
    <groups>
    </groups>
    <test started-at="2020-06-19T12:34:34 IST" name="Test" finished-at="2020-06-19T12:34:46 IST" duration-ms="11727">
      <class name="com.te.qa.testScripts.SmokeTest">
        <test-method is-config="true" signature="beforeSuite()[pri:0, instance:com.te.qa.testScripts.SmokeTest@4e3958e7]" started-at="2020-06-19T12:34:20 IST" name="beforeSuite" finished-at="2020-06-19T12:34:34 IST" duration-ms="13630" status="PASS">
          <reporter-output>
          </reporter-output>
        </test-method> <!-- beforeSuite -->
        <test-method is-config="true" signature="beforeTest()[pri:0, instance:com.te.qa.testScripts.SmokeTest@4e3958e7]" started-at="2020-06-19T12:34:34 IST" name="beforeTest" finished-at="2020-06-19T12:34:34 IST" duration-ms="25" status="PASS">
          <reporter-output>
          </reporter-output>
        </test-method> <!-- beforeTest -->
        <test-method is-config="true" signature="beforeClass()[pri:0, instance:com.te.qa.testScripts.SmokeTest@4e3958e7]" started-at="2020-06-19T12:34:34 IST" name="beforeClass" finished-at="2020-06-19T12:34:34 IST" duration-ms="126" status="PASS">
          <reporter-output>
          </reporter-output>
        </test-method> <!-- beforeClass -->
        <test-method signature="launch(java.lang.String)[pri:0, instance:com.te.qa.testScripts.SmokeTest@4e3958e7]" started-at="2020-06-19T12:34:34 IST" name="launch" finished-at="2020-06-19T12:34:45 IST" duration-ms="11182" status="PASS">
          <params>
            <param index="0">
              <value>
                <![CDATA[Stage]]>
              </value>
            </param>
          </params>
          <reporter-output>
          </reporter-output>
        </test-method> <!-- launch -->
        <test-method is-config="true" signature="afterMethod(org.testng.ITestResult)[pri:0, instance:com.te.qa.testScripts.SmokeTest@4e3958e7]" started-at="2020-06-19T12:34:45 IST" name="afterMethod" finished-at="2020-06-19T12:34:45 IST" duration-ms="8" status="PASS">
          <params>
            <param index="0">
              <value>
                <![CDATA[[TestResult name=launch status=SUCCESS method=SmokeTest.launch(java.lang.String)[pri:0, instance:com.te.qa.testScripts.SmokeTest@4e3958e7] output={null}]]]>
              </value>
            </param>
          </params>
          <reporter-output>
          </reporter-output>
        </test-method> <!-- afterMethod -->
        <test-method is-config="true" signature="afterClass()[pri:0, instance:com.te.qa.testScripts.SmokeTest@4e3958e7]" started-at="2020-06-19T12:34:45 IST" name="afterClass" finished-at="2020-06-19T12:34:46 IST" duration-ms="352" status="PASS">
          <reporter-output>
          </reporter-output>
        </test-method> <!-- afterClass -->
        <test-method is-config="true" signature="afterSuite()[pri:0, instance:com.te.qa.testScripts.SmokeTest@4e3958e7]" started-at="2020-06-19T12:34:46 IST" name="afterSuite" finished-at="2020-06-19T12:34:46 IST" duration-ms="1" status="PASS">
          <reporter-output>
          </reporter-output>
        </test-method> <!-- afterSuite -->
      </class> <!-- com.te.qa.testScripts.SmokeTest -->
    </test> <!-- Test -->
  </suite> <!-- Suite -->
</testng-results>
