<?xml version="1.0" encoding="UTF-8"?>
<testng-results ignored="0" total="2" passed="2" failed="0" skipped="0">
  <reporter-output>
  </reporter-output>
  <suite started-at="2020-07-27T20:43:33 IST" name="Suite" finished-at="2020-07-27T20:43:46 IST" duration-ms="13071">
    <groups>
    </groups>
    <test started-at="2020-07-27T20:43:33 IST" name="Test" finished-at="2020-07-27T20:43:46 IST" duration-ms="13071">
      <class name="com.te.qa.testScripts.SmokeTest">
        <test-method is-config="true" signature="beforeSuite()[pri:0, instance:com.te.qa.testScripts.SmokeTest@28f3b248]" started-at="2020-07-27T20:43:27 IST" name="beforeSuite" finished-at="2020-07-27T20:43:33 IST" duration-ms="5871" status="PASS">
          <reporter-output>
          </reporter-output>
        </test-method> <!-- beforeSuite -->
        <test-method is-config="true" signature="beforeTest()[pri:0, instance:com.te.qa.testScripts.SmokeTest@28f3b248]" started-at="2020-07-27T20:43:33 IST" name="beforeTest" finished-at="2020-07-27T20:43:33 IST" duration-ms="17" status="PASS">
          <reporter-output>
          </reporter-output>
        </test-method> <!-- beforeTest -->
        <test-method is-config="true" signature="beforeClass()[pri:0, instance:com.te.qa.testScripts.SmokeTest@28f3b248]" started-at="2020-07-27T20:43:33 IST" name="beforeClass" finished-at="2020-07-27T20:43:33 IST" duration-ms="123" status="PASS">
          <reporter-output>
          </reporter-output>
        </test-method> <!-- beforeClass -->
        <test-method signature="excelTest(java.lang.String, java.lang.String)[pri:0, instance:com.te.qa.testScripts.SmokeTest@28f3b248]" started-at="2020-07-27T20:43:33 IST" name="excelTest" data-provider="test1Data" finished-at="2020-07-27T20:43:33 IST" duration-ms="12" status="PASS">
          <params>
            <param index="0">
              <value>
                <![CDATA[{
    "name": "morpheus",
    "job": "leader"
}]]>
              </value>
            </param>
            <param index="1">
              <value>
                <![CDATA[pass@123]]>
              </value>
            </param>
          </params>
          <reporter-output>
          </reporter-output>
        </test-method> <!-- excelTest -->
        <test-method is-config="true" signature="afterMethod(org.testng.ITestResult)[pri:0, instance:com.te.qa.testScripts.SmokeTest@28f3b248]" started-at="2020-07-27T20:43:33 IST" name="afterMethod" finished-at="2020-07-27T20:43:33 IST" duration-ms="6" status="PASS">
          <params>
            <param index="0">
              <value>
                <![CDATA[[TestResult name=excelTest status=SUCCESS method=SmokeTest.excelTest(java.lang.String, java.lang.String)[pri:0, instance:com.te.qa.testScripts.SmokeTest@28f3b248] output={null}]]]>
              </value>
            </param>
          </params>
          <reporter-output>
          </reporter-output>
        </test-method> <!-- afterMethod -->
        <test-method signature="launch(java.lang.String)[pri:0, instance:com.te.qa.testScripts.SmokeTest@28f3b248]" started-at="2020-07-27T20:43:33 IST" name="launch" finished-at="2020-07-27T20:43:45 IST" duration-ms="12040" status="PASS">
          <params>
            <param index="0">
              <value>
                <![CDATA[Stage]]>
              </value>
            </param>
          </params>
          <reporter-output>
          </reporter-output>
        </test-method> <!-- launch -->
        <test-method is-config="true" signature="afterMethod(org.testng.ITestResult)[pri:0, instance:com.te.qa.testScripts.SmokeTest@28f3b248]" started-at="2020-07-27T20:43:45 IST" name="afterMethod" finished-at="2020-07-27T20:43:45 IST" duration-ms="1" status="PASS">
          <params>
            <param index="0">
              <value>
                <![CDATA[[TestResult name=launch status=SUCCESS method=SmokeTest.launch(java.lang.String)[pri:0, instance:com.te.qa.testScripts.SmokeTest@28f3b248] output={null}]]]>
              </value>
            </param>
          </params>
          <reporter-output>
          </reporter-output>
        </test-method> <!-- afterMethod -->
        <test-method is-config="true" signature="afterClass()[pri:0, instance:com.te.qa.testScripts.SmokeTest@28f3b248]" started-at="2020-07-27T20:43:45 IST" name="afterClass" finished-at="2020-07-27T20:43:46 IST" duration-ms="305" status="PASS">
          <reporter-output>
          </reporter-output>
        </test-method> <!-- afterClass -->
        <test-method is-config="true" signature="afterSuite()[pri:0, instance:com.te.qa.testScripts.SmokeTest@28f3b248]" started-at="2020-07-27T20:43:46 IST" name="afterSuite" finished-at="2020-07-27T20:43:46 IST" duration-ms="0" status="PASS">
          <reporter-output>
          </reporter-output>
        </test-method> <!-- afterSuite -->
      </class> <!-- com.te.qa.testScripts.SmokeTest -->
    </test> <!-- Test -->
  </suite> <!-- Suite -->
</testng-results>
