<?xml version="1.0" encoding="UTF-8"?>
<!-- Generated by org.testng.reporters.JUnitXMLReporter -->
<testsuite ignored="4" hostname="C4HSZY2" failures="0" tests="1" name="Test" time="0.031" errors="0" timestamp="2020-06-15T16:03:03 IST">
  <testcase classname="com.te.qa.tesngGroups.Groups_Helper" name="test5" time="0.005"/>
  <testcase classname="com.te.qa.tesngGroups.Groups_Helper" name="test2" time="0.0">
    <ignored/>
  </testcase> <!-- test2 -->
  <testcase classname="com.te.qa.tesngGroups.Groups_Helper" name="test4" time="0.0">
    <ignored/>
  </testcase> <!-- test4 -->
  <testcase classname="com.te.qa.tesngGroups.Groups_Helper" name="test3" time="0.0">
    <ignored/>
  </testcase> <!-- test3 -->
  <testcase classname="com.te.qa.tesngGroups.Groups_Helper" name="test1" time="0.0">
    <ignored/>
  </testcase> <!-- test1 -->
</testsuite> <!-- Test -->
